2021-01-07 10:12:31.334 [restartedMain] INFO  com.web.demo.DemoApplication - Starting DemoApplication on LAPTOP-281R0H88 with PID 14036 (D:\project\code\self_util\zy_web\target\classes started by 月月 in D:\project\code\self_util\zy_web)
2021-01-07 10:12:31.340 [restartedMain] INFO  com.web.demo.DemoApplication - The following profiles are active: dev,service
2021-01-07 10:12:31.382 [restartedMain] INFO  o.s.boot.devtools.restart.ChangeableUrls - The Class-Path manifest attribute in D:\project\maven\.m2\repository\org\glassfish\jaxb\jaxb-runtime\2.3.2\jaxb-runtime-2.3.2.jar referenced one or more files that do not exist: file:/D:/project/maven/.m2/repository/org/glassfish/jaxb/jaxb-runtime/2.3.2/jakarta.xml.bind-api-2.3.2.jar,file:/D:/project/maven/.m2/repository/org/glassfish/jaxb/jaxb-runtime/2.3.2/txw2-2.3.2.jar,file:/D:/project/maven/.m2/repository/org/glassfish/jaxb/jaxb-runtime/2.3.2/istack-commons-runtime-3.0.8.jar,file:/D:/project/maven/.m2/repository/org/glassfish/jaxb/jaxb-runtime/2.3.2/stax-ex-1.8.1.jar,file:/D:/project/maven/.m2/repository/org/glassfish/jaxb/jaxb-runtime/2.3.2/FastInfoset-1.2.16.jar,file:/D:/project/maven/.m2/repository/org/glassfish/jaxb/jaxb-runtime/2.3.2/jakarta.activation-api-1.2.1.jar
2021-01-07 10:12:31.382 [restartedMain] INFO  o.s.boot.devtools.restart.ChangeableUrls - The Class-Path manifest attribute in D:\project\maven\.m2\repository\org\glassfish\jaxb\jaxb-xjc\2.3.2\jaxb-xjc-2.3.2.jar referenced one or more files that do not exist: file:/D:/project/maven/.m2/repository/org/glassfish/jaxb/jaxb-xjc/2.3.2/jaxb-runtime-2.3.2.jar,file:/D:/project/maven/.m2/repository/org/glassfish/jaxb/jaxb-xjc/2.3.2/jakarta.xml.bind-api-2.3.2.jar,file:/D:/project/maven/.m2/repository/org/glassfish/jaxb/jaxb-xjc/2.3.2/txw2-2.3.2.jar,file:/D:/project/maven/.m2/repository/org/glassfish/jaxb/jaxb-xjc/2.3.2/stax-ex-1.8.1.jar,file:/D:/project/maven/.m2/repository/org/glassfish/jaxb/jaxb-xjc/2.3.2/FastInfoset-1.2.16.jar,file:/D:/project/maven/.m2/repository/org/glassfish/jaxb/jaxb-xjc/2.3.2/jakarta.activation-api-1.2.1.jar,file:/D:/project/maven/.m2/repository/org/glassfish/jaxb/jaxb-xjc/2.3.2/xsom-2.3.2.jar,file:/D:/project/maven/.m2/repository/org/glassfish/jaxb/jaxb-xjc/2.3.2/codemodel-2.3.2.jar,file:/D:/project/maven/.m2/repository/org/glassfish/jaxb/jaxb-xjc/2.3.2/rngom-2.3.2.jar,file:/D:/project/maven/.m2/repository/org/glassfish/jaxb/jaxb-xjc/2.3.2/dtd-parser-1.4.1.jar,file:/D:/project/maven/.m2/repository/org/glassfish/jaxb/jaxb-xjc/2.3.2/istack-commons-tools-3.0.8.jar,file:/D:/project/maven/.m2/repository/org/glassfish/jaxb/jaxb-xjc/2.3.2/istack-commons-runtime-3.0.8.jar,file:/D:/project/maven/.m2/repository/org/glassfish/jaxb/jaxb-xjc/2.3.2/relaxng-datatype-2.3.2.jar
2021-01-07 10:12:31.383 [restartedMain] INFO  o.s.b.d.env.DevToolsPropertyDefaultsPostProcessor - Devtools property defaults active! Set 'spring.devtools.add-properties' to 'false' to disable
2021-01-07 10:12:31.383 [restartedMain] INFO  o.s.b.d.env.DevToolsPropertyDefaultsPostProcessor - For additional web related logging consider setting the 'logging.level.web' property to 'DEBUG'
2021-01-07 10:12:32.411 [restartedMain] INFO  o.s.boot.web.embedded.tomcat.TomcatWebServer - Tomcat initialized with port(s): 8080 (http)
2021-01-07 10:12:32.420 [restartedMain] INFO  org.apache.coyote.http11.Http11NioProtocol - Initializing ProtocolHandler ["http-nio-8080"]
2021-01-07 10:12:32.421 [restartedMain] INFO  org.apache.catalina.core.StandardService - Starting service [Tomcat]
2021-01-07 10:12:32.421 [restartedMain] INFO  org.apache.catalina.core.StandardEngine - Starting Servlet engine: [Apache Tomcat/9.0.33]
2021-01-07 10:12:32.526 [restartedMain] INFO  o.a.c.core.ContainerBase.[Tomcat].[localhost].[/] - Initializing Spring embedded WebApplicationContext
2021-01-07 10:12:32.527 [restartedMain] INFO  org.springframework.web.context.ContextLoader - Root WebApplicationContext: initialization completed in 1144 ms
2021-01-07 10:12:33.192 [restartedMain] INFO  o.s.scheduling.concurrent.ThreadPoolTaskExecutor - Initializing ExecutorService 'applicationTaskExecutor'
2021-01-07 10:12:33.257 [restartedMain] INFO  o.s.b.a.web.servlet.WelcomePageHandlerMapping - Adding welcome page template: index
2021-01-07 10:12:33.469 [restartedMain] INFO  org.apache.coyote.http11.Http11NioProtocol - Starting ProtocolHandler ["http-nio-8080"]
2021-01-07 10:12:33.493 [restartedMain] INFO  o.s.boot.web.embedded.tomcat.TomcatWebServer - Tomcat started on port(s): 8080 (http) with context path ''
2021-01-07 10:12:33.496 [restartedMain] INFO  com.web.demo.DemoApplication - Started DemoApplication in 2.768 seconds (JVM running for 4.227)
2021-01-07 10:12:50.004 [http-nio-8080-exec-1] INFO  o.a.c.core.ContainerBase.[Tomcat].[localhost].[/] - Initializing Spring DispatcherServlet 'dispatcherServlet'
2021-01-07 10:12:50.004 [http-nio-8080-exec-1] INFO  org.springframework.web.servlet.DispatcherServlet - Initializing Servlet 'dispatcherServlet'
2021-01-07 10:12:50.010 [http-nio-8080-exec-1] INFO  org.springframework.web.servlet.DispatcherServlet - Completed initialization in 6 ms
2021-01-07 10:18:43.487 [Thread-2] INFO  o.s.scheduling.concurrent.ThreadPoolTaskExecutor - Shutting down ExecutorService 'applicationTaskExecutor'
2021-01-07 10:18:43.883 [Thread-2] INFO  ru.yandex.clickhouse.ClickHouseDriver - Driver registered
2021-01-07 10:18:44.064 [restartedMain] INFO  com.web.demo.DemoApplication - Starting DemoApplication on LAPTOP-281R0H88 with PID 14036 (D:\project\code\self_util\zy_web\target\classes started by 月月 in D:\project\code\self_util\zy_web)
2021-01-07 10:18:44.065 [restartedMain] INFO  com.web.demo.DemoApplication - The following profiles are active: dev,service
2021-01-07 10:18:44.395 [restartedMain] INFO  o.s.boot.web.embedded.tomcat.TomcatWebServer - Tomcat initialized with port(s): 8080 (http)
2021-01-07 10:18:44.396 [restartedMain] INFO  org.apache.coyote.http11.Http11NioProtocol - Initializing ProtocolHandler ["http-nio-8080"]
2021-01-07 10:18:44.396 [restartedMain] INFO  org.apache.catalina.core.StandardService - Starting service [Tomcat]
2021-01-07 10:18:44.396 [restartedMain] INFO  org.apache.catalina.core.StandardEngine - Starting Servlet engine: [Apache Tomcat/9.0.33]
2021-01-07 10:18:44.423 [restartedMain] INFO  o.a.c.core.ContainerBase.[Tomcat].[localhost].[/] - Initializing Spring embedded WebApplicationContext
2021-01-07 10:18:44.423 [restartedMain] INFO  org.springframework.web.context.ContextLoader - Root WebApplicationContext: initialization completed in 355 ms
2021-01-07 10:18:44.477 [restartedMain] INFO  o.s.scheduling.concurrent.ThreadPoolTaskExecutor - Initializing ExecutorService 'applicationTaskExecutor'
2021-01-07 10:18:44.487 [restartedMain] INFO  o.s.b.a.web.servlet.WelcomePageHandlerMapping - Adding welcome page template: index
2021-01-07 10:18:44.541 [restartedMain] INFO  org.apache.coyote.http11.Http11NioProtocol - Starting ProtocolHandler ["http-nio-8080"]
2021-01-07 10:18:44.544 [restartedMain] INFO  o.s.boot.web.embedded.tomcat.TomcatWebServer - Tomcat started on port(s): 8080 (http) with context path ''
2021-01-07 10:18:44.545 [restartedMain] INFO  com.web.demo.DemoApplication - Started DemoApplication in 0.528 seconds (JVM running for 375.276)
2021-01-07 10:18:44.547 [restartedMain] INFO  o.s.b.d.a.ConditionEvaluationDeltaLoggingListener - Condition evaluation unchanged
2021-01-07 10:18:45.979 [Thread-15] INFO  o.s.scheduling.concurrent.ThreadPoolTaskExecutor - Shutting down ExecutorService 'applicationTaskExecutor'
2021-01-07 10:18:46.568 [restartedMain] INFO  com.web.demo.DemoApplication - Starting DemoApplication on LAPTOP-281R0H88 with PID 14036 (D:\project\code\self_util\zy_web\target\classes started by 月月 in D:\project\code\self_util\zy_web)
2021-01-07 10:18:46.569 [restartedMain] INFO  com.web.demo.DemoApplication - The following profiles are active: dev,service
2021-01-07 10:18:46.916 [restartedMain] INFO  o.s.boot.web.embedded.tomcat.TomcatWebServer - Tomcat initialized with port(s): 8080 (http)
2021-01-07 10:18:46.917 [restartedMain] INFO  org.apache.coyote.http11.Http11NioProtocol - Initializing ProtocolHandler ["http-nio-8080"]
2021-01-07 10:18:46.917 [restartedMain] INFO  org.apache.catalina.core.StandardService - Starting service [Tomcat]
2021-01-07 10:18:46.917 [restartedMain] INFO  org.apache.catalina.core.StandardEngine - Starting Servlet engine: [Apache Tomcat/9.0.33]
2021-01-07 10:18:46.942 [restartedMain] INFO  o.a.c.core.ContainerBase.[Tomcat].[localhost].[/] - Initializing Spring embedded WebApplicationContext
2021-01-07 10:18:46.943 [restartedMain] INFO  org.springframework.web.context.ContextLoader - Root WebApplicationContext: initialization completed in 370 ms
2021-01-07 10:18:47.011 [restartedMain] INFO  o.s.scheduling.concurrent.ThreadPoolTaskExecutor - Initializing ExecutorService 'applicationTaskExecutor'
2021-01-07 10:18:47.024 [restartedMain] INFO  o.s.b.a.web.servlet.WelcomePageHandlerMapping - Adding welcome page template: index
2021-01-07 10:18:47.076 [restartedMain] INFO  org.apache.coyote.http11.Http11NioProtocol - Starting ProtocolHandler ["http-nio-8080"]
2021-01-07 10:18:47.080 [restartedMain] INFO  o.s.boot.web.embedded.tomcat.TomcatWebServer - Tomcat started on port(s): 8080 (http) with context path ''
2021-01-07 10:18:47.080 [restartedMain] INFO  com.web.demo.DemoApplication - Started DemoApplication in 0.562 seconds (JVM running for 377.811)
2021-01-07 10:18:47.081 [restartedMain] INFO  o.s.b.d.a.ConditionEvaluationDeltaLoggingListener - Condition evaluation unchanged
2021-01-07 10:23:32.688 [http-nio-8080-exec-2] INFO  o.a.c.core.ContainerBase.[Tomcat].[localhost].[/] - Initializing Spring DispatcherServlet 'dispatcherServlet'
2021-01-07 10:23:32.689 [http-nio-8080-exec-2] INFO  org.springframework.web.servlet.DispatcherServlet - Initializing Servlet 'dispatcherServlet'
2021-01-07 10:23:32.695 [http-nio-8080-exec-2] INFO  org.springframework.web.servlet.DispatcherServlet - Completed initialization in 6 ms
2021-01-07 10:24:32.542 [Thread-20] INFO  o.s.scheduling.concurrent.ThreadPoolTaskExecutor - Shutting down ExecutorService 'applicationTaskExecutor'
2021-01-07 10:24:33.151 [restartedMain] INFO  com.web.demo.DemoApplication - Starting DemoApplication on LAPTOP-281R0H88 with PID 14036 (D:\project\code\self_util\zy_web\target\classes started by 月月 in D:\project\code\self_util\zy_web)
2021-01-07 10:24:33.151 [restartedMain] INFO  com.web.demo.DemoApplication - The following profiles are active: dev,service
2021-01-07 10:24:33.491 [restartedMain] INFO  o.s.boot.web.embedded.tomcat.TomcatWebServer - Tomcat initialized with port(s): 8080 (http)
2021-01-07 10:24:33.493 [restartedMain] INFO  org.apache.coyote.http11.Http11NioProtocol - Initializing ProtocolHandler ["http-nio-8080"]
2021-01-07 10:24:33.493 [restartedMain] INFO  org.apache.catalina.core.StandardService - Starting service [Tomcat]
2021-01-07 10:24:33.494 [restartedMain] INFO  org.apache.catalina.core.StandardEngine - Starting Servlet engine: [Apache Tomcat/9.0.33]
2021-01-07 10:24:33.521 [restartedMain] INFO  o.a.c.core.ContainerBase.[Tomcat].[localhost].[/] - Initializing Spring embedded WebApplicationContext
2021-01-07 10:24:33.521 [restartedMain] INFO  org.springframework.web.context.ContextLoader - Root WebApplicationContext: initialization completed in 367 ms
2021-01-07 10:24:33.586 [restartedMain] INFO  o.s.scheduling.concurrent.ThreadPoolTaskExecutor - Initializing ExecutorService 'applicationTaskExecutor'
2021-01-07 10:24:33.601 [restartedMain] INFO  o.s.b.a.web.servlet.WelcomePageHandlerMapping - Adding welcome page template: index
2021-01-07 10:24:33.684 [restartedMain] INFO  org.apache.coyote.http11.Http11NioProtocol - Starting ProtocolHandler ["http-nio-8080"]
2021-01-07 10:24:33.687 [restartedMain] INFO  o.s.boot.web.embedded.tomcat.TomcatWebServer - Tomcat started on port(s): 8080 (http) with context path ''
2021-01-07 10:24:33.688 [restartedMain] INFO  com.web.demo.DemoApplication - Started DemoApplication in 0.588 seconds (JVM running for 724.419)
2021-01-07 10:24:33.689 [restartedMain] INFO  o.s.b.d.a.ConditionEvaluationDeltaLoggingListener - Condition evaluation unchanged
2021-01-07 10:24:36.140 [Thread-25] INFO  o.s.scheduling.concurrent.ThreadPoolTaskExecutor - Shutting down ExecutorService 'applicationTaskExecutor'
2021-01-07 10:24:36.663 [restartedMain] INFO  com.web.demo.DemoApplication - Starting DemoApplication on LAPTOP-281R0H88 with PID 14036 (D:\project\code\self_util\zy_web\target\classes started by 月月 in D:\project\code\self_util\zy_web)
2021-01-07 10:24:36.664 [restartedMain] INFO  com.web.demo.DemoApplication - The following profiles are active: dev,service
2021-01-07 10:24:36.930 [restartedMain] INFO  o.s.boot.web.embedded.tomcat.TomcatWebServer - Tomcat initialized with port(s): 8080 (http)
2021-01-07 10:24:36.931 [restartedMain] INFO  org.apache.coyote.http11.Http11NioProtocol - Initializing ProtocolHandler ["http-nio-8080"]
2021-01-07 10:24:36.931 [restartedMain] INFO  org.apache.catalina.core.StandardService - Starting service [Tomcat]
2021-01-07 10:24:36.931 [restartedMain] INFO  org.apache.catalina.core.StandardEngine - Starting Servlet engine: [Apache Tomcat/9.0.33]
2021-01-07 10:24:36.952 [restartedMain] INFO  o.a.c.core.ContainerBase.[Tomcat].[localhost].[/] - Initializing Spring embedded WebApplicationContext
2021-01-07 10:24:36.953 [restartedMain] INFO  org.springframework.web.context.ContextLoader - Root WebApplicationContext: initialization completed in 284 ms
2021-01-07 10:24:36.998 [restartedMain] INFO  o.s.scheduling.concurrent.ThreadPoolTaskExecutor - Initializing ExecutorService 'applicationTaskExecutor'
2021-01-07 10:24:37.009 [restartedMain] INFO  o.s.b.a.web.servlet.WelcomePageHandlerMapping - Adding welcome page template: index
2021-01-07 10:24:37.055 [restartedMain] INFO  org.apache.coyote.http11.Http11NioProtocol - Starting ProtocolHandler ["http-nio-8080"]
2021-01-07 10:24:37.058 [restartedMain] INFO  o.s.boot.web.embedded.tomcat.TomcatWebServer - Tomcat started on port(s): 8080 (http) with context path ''
2021-01-07 10:24:37.059 [restartedMain] INFO  com.web.demo.DemoApplication - Started DemoApplication in 0.443 seconds (JVM running for 727.79)
2021-01-07 10:24:37.059 [restartedMain] INFO  o.s.b.d.a.ConditionEvaluationDeltaLoggingListener - Condition evaluation unchanged
2021-01-07 10:24:44.163 [http-nio-8080-exec-3] INFO  o.a.c.core.ContainerBase.[Tomcat].[localhost].[/] - Initializing Spring DispatcherServlet 'dispatcherServlet'
2021-01-07 10:24:44.164 [http-nio-8080-exec-3] INFO  org.springframework.web.servlet.DispatcherServlet - Initializing Servlet 'dispatcherServlet'
2021-01-07 10:24:44.169 [http-nio-8080-exec-3] INFO  org.springframework.web.servlet.DispatcherServlet - Completed initialization in 5 ms
2021-01-07 10:24:59.977 [Thread-30] INFO  o.s.scheduling.concurrent.ThreadPoolTaskExecutor - Shutting down ExecutorService 'applicationTaskExecutor'
2021-01-07 10:25:00.538 [restartedMain] INFO  com.web.demo.DemoApplication - Starting DemoApplication on LAPTOP-281R0H88 with PID 14036 (D:\project\code\self_util\zy_web\target\classes started by 月月 in D:\project\code\self_util\zy_web)
2021-01-07 10:25:00.538 [restartedMain] INFO  com.web.demo.DemoApplication - The following profiles are active: dev,service
2021-01-07 10:25:00.802 [restartedMain] INFO  o.s.boot.web.embedded.tomcat.TomcatWebServer - Tomcat initialized with port(s): 8080 (http)
2021-01-07 10:25:00.803 [restartedMain] INFO  org.apache.coyote.http11.Http11NioProtocol - Initializing ProtocolHandler ["http-nio-8080"]
2021-01-07 10:25:00.803 [restartedMain] INFO  org.apache.catalina.core.StandardService - Starting service [Tomcat]
2021-01-07 10:25:00.803 [restartedMain] INFO  org.apache.catalina.core.StandardEngine - Starting Servlet engine: [Apache Tomcat/9.0.33]
2021-01-07 10:25:00.836 [restartedMain] INFO  o.a.c.core.ContainerBase.[Tomcat].[localhost].[/] - Initializing Spring embedded WebApplicationContext
2021-01-07 10:25:00.836 [restartedMain] INFO  org.springframework.web.context.ContextLoader - Root WebApplicationContext: initialization completed in 295 ms
2021-01-07 10:25:00.884 [restartedMain] INFO  o.s.scheduling.concurrent.ThreadPoolTaskExecutor - Initializing ExecutorService 'applicationTaskExecutor'
2021-01-07 10:25:00.896 [restartedMain] INFO  o.s.b.a.web.servlet.WelcomePageHandlerMapping - Adding welcome page template: index
2021-01-07 10:25:00.946 [restartedMain] INFO  org.apache.coyote.http11.Http11NioProtocol - Starting ProtocolHandler ["http-nio-8080"]
2021-01-07 10:25:00.949 [restartedMain] INFO  o.s.boot.web.embedded.tomcat.TomcatWebServer - Tomcat started on port(s): 8080 (http) with context path ''
2021-01-07 10:25:00.949 [restartedMain] INFO  com.web.demo.DemoApplication - Started DemoApplication in 0.453 seconds (JVM running for 751.681)
2021-01-07 10:25:00.950 [restartedMain] INFO  o.s.b.d.a.ConditionEvaluationDeltaLoggingListener - Condition evaluation unchanged
2021-01-07 10:25:03.406 [Thread-35] INFO  o.s.scheduling.concurrent.ThreadPoolTaskExecutor - Shutting down ExecutorService 'applicationTaskExecutor'
2021-01-07 10:25:04.084 [restartedMain] INFO  com.web.demo.DemoApplication - Starting DemoApplication on LAPTOP-281R0H88 with PID 14036 (D:\project\code\self_util\zy_web\target\classes started by 月月 in D:\project\code\self_util\zy_web)
2021-01-07 10:25:04.085 [restartedMain] INFO  com.web.demo.DemoApplication - The following profiles are active: dev,service
2021-01-07 10:25:04.366 [restartedMain] INFO  o.s.boot.web.embedded.tomcat.TomcatWebServer - Tomcat initialized with port(s): 8080 (http)
2021-01-07 10:25:04.367 [restartedMain] INFO  org.apache.coyote.http11.Http11NioProtocol - Initializing ProtocolHandler ["http-nio-8080"]
2021-01-07 10:25:04.367 [restartedMain] INFO  org.apache.catalina.core.StandardService - Starting service [Tomcat]
2021-01-07 10:25:04.367 [restartedMain] INFO  org.apache.catalina.core.StandardEngine - Starting Servlet engine: [Apache Tomcat/9.0.33]
2021-01-07 10:25:04.392 [restartedMain] INFO  o.a.c.core.ContainerBase.[Tomcat].[localhost].[/] - Initializing Spring embedded WebApplicationContext
2021-01-07 10:25:04.392 [restartedMain] INFO  org.springframework.web.context.ContextLoader - Root WebApplicationContext: initialization completed in 303 ms
2021-01-07 10:25:04.437 [restartedMain] INFO  o.s.scheduling.concurrent.ThreadPoolTaskExecutor - Initializing ExecutorService 'applicationTaskExecutor'
2021-01-07 10:25:04.446 [restartedMain] INFO  o.s.b.a.web.servlet.WelcomePageHandlerMapping - Adding welcome page template: index
2021-01-07 10:25:04.489 [restartedMain] INFO  org.apache.coyote.http11.Http11NioProtocol - Starting ProtocolHandler ["http-nio-8080"]
2021-01-07 10:25:04.493 [restartedMain] INFO  o.s.boot.web.embedded.tomcat.TomcatWebServer - Tomcat started on port(s): 8080 (http) with context path ''
2021-01-07 10:25:04.493 [restartedMain] INFO  com.web.demo.DemoApplication - Started DemoApplication in 0.475 seconds (JVM running for 755.224)
2021-01-07 10:25:04.494 [restartedMain] INFO  o.s.b.d.a.ConditionEvaluationDeltaLoggingListener - Condition evaluation unchanged
2021-01-07 10:25:06.840 [http-nio-8080-exec-3] INFO  o.a.c.core.ContainerBase.[Tomcat].[localhost].[/] - Initializing Spring DispatcherServlet 'dispatcherServlet'
2021-01-07 10:25:06.841 [http-nio-8080-exec-3] INFO  org.springframework.web.servlet.DispatcherServlet - Initializing Servlet 'dispatcherServlet'
2021-01-07 10:25:06.843 [http-nio-8080-exec-3] INFO  org.springframework.web.servlet.DispatcherServlet - Completed initialization in 1 ms
2021-01-07 13:49:24.491 [SpringContextShutdownHook] INFO  o.s.scheduling.concurrent.ThreadPoolTaskExecutor - Shutting down ExecutorService 'applicationTaskExecutor'
2021-01-07 13:49:30.214 [restartedMain] INFO  com.web.demo.DemoApplication - Starting DemoApplication on LAPTOP-281R0H88 with PID 4908 (D:\project\code\self_util\zy_web\target\classes started by 月月 in D:\project\code\self_util\zy_web)
2021-01-07 13:49:30.218 [restartedMain] INFO  com.web.demo.DemoApplication - The following profiles are active: dev,service
2021-01-07 13:49:30.256 [restartedMain] INFO  o.s.boot.devtools.restart.ChangeableUrls - The Class-Path manifest attribute in D:\project\maven\.m2\repository\org\glassfish\jaxb\jaxb-runtime\2.3.2\jaxb-runtime-2.3.2.jar referenced one or more files that do not exist: file:/D:/project/maven/.m2/repository/org/glassfish/jaxb/jaxb-runtime/2.3.2/jakarta.xml.bind-api-2.3.2.jar,file:/D:/project/maven/.m2/repository/org/glassfish/jaxb/jaxb-runtime/2.3.2/txw2-2.3.2.jar,file:/D:/project/maven/.m2/repository/org/glassfish/jaxb/jaxb-runtime/2.3.2/istack-commons-runtime-3.0.8.jar,file:/D:/project/maven/.m2/repository/org/glassfish/jaxb/jaxb-runtime/2.3.2/stax-ex-1.8.1.jar,file:/D:/project/maven/.m2/repository/org/glassfish/jaxb/jaxb-runtime/2.3.2/FastInfoset-1.2.16.jar,file:/D:/project/maven/.m2/repository/org/glassfish/jaxb/jaxb-runtime/2.3.2/jakarta.activation-api-1.2.1.jar
2021-01-07 13:49:30.256 [restartedMain] INFO  o.s.boot.devtools.restart.ChangeableUrls - The Class-Path manifest attribute in D:\project\maven\.m2\repository\org\glassfish\jaxb\jaxb-xjc\2.3.2\jaxb-xjc-2.3.2.jar referenced one or more files that do not exist: file:/D:/project/maven/.m2/repository/org/glassfish/jaxb/jaxb-xjc/2.3.2/jaxb-runtime-2.3.2.jar,file:/D:/project/maven/.m2/repository/org/glassfish/jaxb/jaxb-xjc/2.3.2/jakarta.xml.bind-api-2.3.2.jar,file:/D:/project/maven/.m2/repository/org/glassfish/jaxb/jaxb-xjc/2.3.2/txw2-2.3.2.jar,file:/D:/project/maven/.m2/repository/org/glassfish/jaxb/jaxb-xjc/2.3.2/stax-ex-1.8.1.jar,file:/D:/project/maven/.m2/repository/org/glassfish/jaxb/jaxb-xjc/2.3.2/FastInfoset-1.2.16.jar,file:/D:/project/maven/.m2/repository/org/glassfish/jaxb/jaxb-xjc/2.3.2/jakarta.activation-api-1.2.1.jar,file:/D:/project/maven/.m2/repository/org/glassfish/jaxb/jaxb-xjc/2.3.2/xsom-2.3.2.jar,file:/D:/project/maven/.m2/repository/org/glassfish/jaxb/jaxb-xjc/2.3.2/codemodel-2.3.2.jar,file:/D:/project/maven/.m2/repository/org/glassfish/jaxb/jaxb-xjc/2.3.2/rngom-2.3.2.jar,file:/D:/project/maven/.m2/repository/org/glassfish/jaxb/jaxb-xjc/2.3.2/dtd-parser-1.4.1.jar,file:/D:/project/maven/.m2/repository/org/glassfish/jaxb/jaxb-xjc/2.3.2/istack-commons-tools-3.0.8.jar,file:/D:/project/maven/.m2/repository/org/glassfish/jaxb/jaxb-xjc/2.3.2/istack-commons-runtime-3.0.8.jar,file:/D:/project/maven/.m2/repository/org/glassfish/jaxb/jaxb-xjc/2.3.2/relaxng-datatype-2.3.2.jar
2021-01-07 13:49:30.257 [restartedMain] INFO  o.s.b.d.env.DevToolsPropertyDefaultsPostProcessor - Devtools property defaults active! Set 'spring.devtools.add-properties' to 'false' to disable
2021-01-07 13:49:30.257 [restartedMain] INFO  o.s.b.d.env.DevToolsPropertyDefaultsPostProcessor - For additional web related logging consider setting the 'logging.level.web' property to 'DEBUG'
2021-01-07 13:49:31.133 [restartedMain] INFO  o.s.boot.web.embedded.tomcat.TomcatWebServer - Tomcat initialized with port(s): 8080 (http)
2021-01-07 13:49:31.142 [restartedMain] INFO  org.apache.coyote.http11.Http11NioProtocol - Initializing ProtocolHandler ["http-nio-8080"]
2021-01-07 13:49:31.143 [restartedMain] INFO  org.apache.catalina.core.StandardService - Starting service [Tomcat]
2021-01-07 13:49:31.143 [restartedMain] INFO  org.apache.catalina.core.StandardEngine - Starting Servlet engine: [Apache Tomcat/9.0.33]
2021-01-07 13:49:31.248 [restartedMain] INFO  o.a.c.core.ContainerBase.[Tomcat].[localhost].[/] - Initializing Spring embedded WebApplicationContext
2021-01-07 13:49:31.249 [restartedMain] INFO  org.springframework.web.context.ContextLoader - Root WebApplicationContext: initialization completed in 992 ms
2021-01-07 13:49:31.877 [restartedMain] INFO  o.s.scheduling.concurrent.ThreadPoolTaskExecutor - Initializing ExecutorService 'applicationTaskExecutor'
2021-01-07 13:49:31.932 [restartedMain] INFO  o.s.b.a.web.servlet.WelcomePageHandlerMapping - Adding welcome page template: index
2021-01-07 13:49:32.102 [restartedMain] INFO  org.apache.coyote.http11.Http11NioProtocol - Starting ProtocolHandler ["http-nio-8080"]
2021-01-07 13:49:32.122 [restartedMain] INFO  o.s.boot.web.embedded.tomcat.TomcatWebServer - Tomcat started on port(s): 8080 (http) with context path ''
2021-01-07 13:49:32.125 [restartedMain] INFO  com.web.demo.DemoApplication - Started DemoApplication in 2.523 seconds (JVM running for 4.111)
2021-01-07 13:49:39.154 [http-nio-8080-exec-1] INFO  o.a.c.core.ContainerBase.[Tomcat].[localhost].[/] - Initializing Spring DispatcherServlet 'dispatcherServlet'
2021-01-07 13:49:39.155 [http-nio-8080-exec-1] INFO  org.springframework.web.servlet.DispatcherServlet - Initializing Servlet 'dispatcherServlet'
2021-01-07 13:49:39.160 [http-nio-8080-exec-1] INFO  org.springframework.web.servlet.DispatcherServlet - Completed initialization in 5 ms
2021-01-07 14:14:56.802 [http-nio-8080-exec-5] INFO  o.a.c.w.s.factory.ReflectionServiceFactoryBean - Creating Service {http://schemas.dmtf.org/wbem/wsman/1/wsman.xsd}WinRmService from WSDL: jar:file:/D:/project/maven/.m2/repository/io/cloudsoft/windows/winrm4j-client/0.8.0/winrm4j-client-0.8.0.jar!/wsdl/WinRmService.wsdl
2021-01-07 14:15:14.757 [http-nio-8080-exec-8] INFO  o.a.c.w.s.factory.ReflectionServiceFactoryBean - Creating Service {http://schemas.dmtf.org/wbem/wsman/1/wsman.xsd}WinRmService from WSDL: jar:file:/D:/project/maven/.m2/repository/io/cloudsoft/windows/winrm4j-client/0.8.0/winrm4j-client-0.8.0.jar!/wsdl/WinRmService.wsdl
2021-01-07 16:39:13.381 [Thread-2] INFO  o.s.scheduling.concurrent.ThreadPoolTaskExecutor - Shutting down ExecutorService 'applicationTaskExecutor'
2021-01-07 16:39:13.997 [Thread-2] INFO  ru.yandex.clickhouse.ClickHouseDriver - Driver registered
2021-01-07 16:39:14.217 [restartedMain] INFO  com.web.demo.DemoApplication - Starting DemoApplication on LAPTOP-281R0H88 with PID 4908 (D:\project\code\self_util\zy_web\target\classes started by 月月 in D:\project\code\self_util\zy_web)
2021-01-07 16:39:14.218 [restartedMain] INFO  com.web.demo.DemoApplication - The following profiles are active: dev,service
2021-01-07 16:39:14.484 [restartedMain] INFO  o.s.boot.web.embedded.tomcat.TomcatWebServer - Tomcat initialized with port(s): 8080 (http)
2021-01-07 16:39:14.485 [restartedMain] INFO  org.apache.coyote.http11.Http11NioProtocol - Initializing ProtocolHandler ["http-nio-8080"]
2021-01-07 16:39:14.485 [restartedMain] INFO  org.apache.catalina.core.StandardService - Starting service [Tomcat]
2021-01-07 16:39:14.485 [restartedMain] INFO  org.apache.catalina.core.StandardEngine - Starting Servlet engine: [Apache Tomcat/9.0.33]
2021-01-07 16:39:14.515 [restartedMain] INFO  o.a.c.core.ContainerBase.[Tomcat].[localhost].[/] - Initializing Spring embedded WebApplicationContext
2021-01-07 16:39:14.515 [restartedMain] INFO  org.springframework.web.context.ContextLoader - Root WebApplicationContext: initialization completed in 293 ms
2021-01-07 16:39:14.576 [restartedMain] INFO  o.s.scheduling.concurrent.ThreadPoolTaskExecutor - Initializing ExecutorService 'applicationTaskExecutor'
2021-01-07 16:39:14.587 [restartedMain] INFO  o.s.b.a.web.servlet.WelcomePageHandlerMapping - Adding welcome page template: index
2021-01-07 16:39:14.646 [restartedMain] INFO  org.apache.coyote.http11.Http11NioProtocol - Starting ProtocolHandler ["http-nio-8080"]
2021-01-07 16:39:14.650 [restartedMain] INFO  o.s.boot.web.embedded.tomcat.TomcatWebServer - Tomcat started on port(s): 8080 (http) with context path ''
2021-01-07 16:39:14.651 [restartedMain] INFO  com.web.demo.DemoApplication - Started DemoApplication in 0.5 seconds (JVM running for 10187.791)
2021-01-07 16:39:14.652 [restartedMain] INFO  o.s.b.d.a.ConditionEvaluationDeltaLoggingListener - Condition evaluation unchanged
2021-01-07 16:39:19.143 [Thread-16] INFO  o.s.scheduling.concurrent.ThreadPoolTaskExecutor - Shutting down ExecutorService 'applicationTaskExecutor'
2021-01-07 16:39:19.756 [restartedMain] INFO  com.web.demo.DemoApplication - Starting DemoApplication on LAPTOP-281R0H88 with PID 4908 (D:\project\code\self_util\zy_web\target\classes started by 月月 in D:\project\code\self_util\zy_web)
2021-01-07 16:39:19.756 [restartedMain] INFO  com.web.demo.DemoApplication - The following profiles are active: dev,service
2021-01-07 16:39:20.077 [restartedMain] INFO  o.s.boot.web.embedded.tomcat.TomcatWebServer - Tomcat initialized with port(s): 8080 (http)
2021-01-07 16:39:20.077 [restartedMain] INFO  org.apache.coyote.http11.Http11NioProtocol - Initializing ProtocolHandler ["http-nio-8080"]
2021-01-07 16:39:20.078 [restartedMain] INFO  org.apache.catalina.core.StandardService - Starting service [Tomcat]
2021-01-07 16:39:20.078 [restartedMain] INFO  org.apache.catalina.core.StandardEngine - Starting Servlet engine: [Apache Tomcat/9.0.33]
2021-01-07 16:39:20.106 [restartedMain] INFO  o.a.c.core.ContainerBase.[Tomcat].[localhost].[/] - Initializing Spring embedded WebApplicationContext
2021-01-07 16:39:20.106 [restartedMain] INFO  org.springframework.web.context.ContextLoader - Root WebApplicationContext: initialization completed in 345 ms
2021-01-07 16:39:20.197 [restartedMain] INFO  o.s.scheduling.concurrent.ThreadPoolTaskExecutor - Initializing ExecutorService 'applicationTaskExecutor'
2021-01-07 16:39:21.528 [restartedMain] INFO  o.s.b.a.web.servlet.WelcomePageHandlerMapping - Adding welcome page template: index
2021-01-07 16:39:21.590 [restartedMain] INFO  org.apache.coyote.http11.Http11NioProtocol - Starting ProtocolHandler ["http-nio-8080"]
2021-01-07 16:39:21.593 [restartedMain] INFO  o.s.boot.web.embedded.tomcat.TomcatWebServer - Tomcat started on port(s): 8080 (http) with context path ''
2021-01-07 16:39:21.594 [restartedMain] INFO  com.web.demo.DemoApplication - Started DemoApplication in 1.895 seconds (JVM running for 10194.735)
2021-01-07 16:39:21.595 [restartedMain] INFO  o.s.b.d.a.ConditionEvaluationDeltaLoggingListener - Condition evaluation unchanged
2021-01-07 16:39:25.982 [http-nio-8080-exec-1] INFO  o.a.c.core.ContainerBase.[Tomcat].[localhost].[/] - Initializing Spring DispatcherServlet 'dispatcherServlet'
2021-01-07 16:39:25.983 [http-nio-8080-exec-1] INFO  org.springframework.web.servlet.DispatcherServlet - Initializing Servlet 'dispatcherServlet'
2021-01-07 16:39:25.985 [http-nio-8080-exec-1] INFO  org.springframework.web.servlet.DispatcherServlet - Completed initialization in 2 ms
2021-01-07 19:34:03.374 [SpringContextShutdownHook] INFO  o.s.scheduling.concurrent.ThreadPoolTaskExecutor - Shutting down ExecutorService 'applicationTaskExecutor'
