2021-01-11 16:37:24.308 [restartedMain] INFO  com.web.demo.DemoApplication - Starting DemoApplication on LAPTOP-281R0H88 with PID 20424 (D:\project\code\self_util\zy_web\target\classes started by 月月 in D:\project\code\self_util\zy_web)
2021-01-11 16:37:24.314 [restartedMain] INFO  com.web.demo.DemoApplication - The following profiles are active: dev,service
2021-01-11 16:37:24.359 [restartedMain] INFO  o.s.boot.devtools.restart.ChangeableUrls - The Class-Path manifest attribute in D:\project\maven\.m2\repository\org\glassfish\jaxb\jaxb-runtime\2.3.2\jaxb-runtime-2.3.2.jar referenced one or more files that do not exist: file:/D:/project/maven/.m2/repository/org/glassfish/jaxb/jaxb-runtime/2.3.2/jakarta.xml.bind-api-2.3.2.jar,file:/D:/project/maven/.m2/repository/org/glassfish/jaxb/jaxb-runtime/2.3.2/txw2-2.3.2.jar,file:/D:/project/maven/.m2/repository/org/glassfish/jaxb/jaxb-runtime/2.3.2/istack-commons-runtime-3.0.8.jar,file:/D:/project/maven/.m2/repository/org/glassfish/jaxb/jaxb-runtime/2.3.2/stax-ex-1.8.1.jar,file:/D:/project/maven/.m2/repository/org/glassfish/jaxb/jaxb-runtime/2.3.2/FastInfoset-1.2.16.jar,file:/D:/project/maven/.m2/repository/org/glassfish/jaxb/jaxb-runtime/2.3.2/jakarta.activation-api-1.2.1.jar
2021-01-11 16:37:24.360 [restartedMain] INFO  o.s.boot.devtools.restart.ChangeableUrls - The Class-Path manifest attribute in D:\project\maven\.m2\repository\org\glassfish\jaxb\jaxb-xjc\2.3.2\jaxb-xjc-2.3.2.jar referenced one or more files that do not exist: file:/D:/project/maven/.m2/repository/org/glassfish/jaxb/jaxb-xjc/2.3.2/jaxb-runtime-2.3.2.jar,file:/D:/project/maven/.m2/repository/org/glassfish/jaxb/jaxb-xjc/2.3.2/jakarta.xml.bind-api-2.3.2.jar,file:/D:/project/maven/.m2/repository/org/glassfish/jaxb/jaxb-xjc/2.3.2/txw2-2.3.2.jar,file:/D:/project/maven/.m2/repository/org/glassfish/jaxb/jaxb-xjc/2.3.2/stax-ex-1.8.1.jar,file:/D:/project/maven/.m2/repository/org/glassfish/jaxb/jaxb-xjc/2.3.2/FastInfoset-1.2.16.jar,file:/D:/project/maven/.m2/repository/org/glassfish/jaxb/jaxb-xjc/2.3.2/jakarta.activation-api-1.2.1.jar,file:/D:/project/maven/.m2/repository/org/glassfish/jaxb/jaxb-xjc/2.3.2/xsom-2.3.2.jar,file:/D:/project/maven/.m2/repository/org/glassfish/jaxb/jaxb-xjc/2.3.2/codemodel-2.3.2.jar,file:/D:/project/maven/.m2/repository/org/glassfish/jaxb/jaxb-xjc/2.3.2/rngom-2.3.2.jar,file:/D:/project/maven/.m2/repository/org/glassfish/jaxb/jaxb-xjc/2.3.2/dtd-parser-1.4.1.jar,file:/D:/project/maven/.m2/repository/org/glassfish/jaxb/jaxb-xjc/2.3.2/istack-commons-tools-3.0.8.jar,file:/D:/project/maven/.m2/repository/org/glassfish/jaxb/jaxb-xjc/2.3.2/istack-commons-runtime-3.0.8.jar,file:/D:/project/maven/.m2/repository/org/glassfish/jaxb/jaxb-xjc/2.3.2/relaxng-datatype-2.3.2.jar
2021-01-11 16:37:24.360 [restartedMain] INFO  o.s.b.d.env.DevToolsPropertyDefaultsPostProcessor - Devtools property defaults active! Set 'spring.devtools.add-properties' to 'false' to disable
2021-01-11 16:37:24.360 [restartedMain] INFO  o.s.b.d.env.DevToolsPropertyDefaultsPostProcessor - For additional web related logging consider setting the 'logging.level.web' property to 'DEBUG'
2021-01-11 16:37:25.332 [restartedMain] INFO  o.s.boot.web.embedded.tomcat.TomcatWebServer - Tomcat initialized with port(s): 8080 (http)
2021-01-11 16:37:25.341 [restartedMain] INFO  org.apache.coyote.http11.Http11NioProtocol - Initializing ProtocolHandler ["http-nio-8080"]
2021-01-11 16:37:25.342 [restartedMain] INFO  org.apache.catalina.core.StandardService - Starting service [Tomcat]
2021-01-11 16:37:25.342 [restartedMain] INFO  org.apache.catalina.core.StandardEngine - Starting Servlet engine: [Apache Tomcat/9.0.33]
2021-01-11 16:37:25.448 [restartedMain] INFO  o.a.c.core.ContainerBase.[Tomcat].[localhost].[/] - Initializing Spring embedded WebApplicationContext
2021-01-11 16:37:25.449 [restartedMain] INFO  org.springframework.web.context.ContextLoader - Root WebApplicationContext: initialization completed in 1089 ms
2021-01-11 16:37:26.104 [restartedMain] INFO  o.s.scheduling.concurrent.ThreadPoolTaskExecutor - Initializing ExecutorService 'applicationTaskExecutor'
2021-01-11 16:37:26.167 [restartedMain] INFO  o.s.b.a.web.servlet.WelcomePageHandlerMapping - Adding welcome page template: index
2021-01-11 16:37:26.357 [restartedMain] INFO  org.apache.coyote.http11.Http11NioProtocol - Starting ProtocolHandler ["http-nio-8080"]
2021-01-11 16:37:26.378 [restartedMain] INFO  o.s.boot.web.embedded.tomcat.TomcatWebServer - Tomcat started on port(s): 8080 (http) with context path ''
2021-01-11 16:37:26.381 [restartedMain] INFO  com.web.demo.DemoApplication - Started DemoApplication in 2.739 seconds (JVM running for 4.363)
2021-01-11 16:46:37.383 [http-nio-8080-exec-1] INFO  o.a.c.core.ContainerBase.[Tomcat].[localhost].[/] - Initializing Spring DispatcherServlet 'dispatcherServlet'
2021-01-11 16:46:37.384 [http-nio-8080-exec-1] INFO  org.springframework.web.servlet.DispatcherServlet - Initializing Servlet 'dispatcherServlet'
2021-01-11 16:46:37.389 [http-nio-8080-exec-1] INFO  org.springframework.web.servlet.DispatcherServlet - Completed initialization in 5 ms
2021-01-11 16:56:40.793 [http-nio-8080-exec-6] INFO  o.a.c.w.s.factory.ReflectionServiceFactoryBean - Creating Service {http://schemas.dmtf.org/wbem/wsman/1/wsman.xsd}WinRmService from WSDL: jar:file:/D:/project/maven/.m2/repository/io/cloudsoft/windows/winrm4j-client/0.8.0/winrm4j-client-0.8.0.jar!/wsdl/WinRmService.wsdl
2021-01-11 16:56:58.359 [http-nio-8080-exec-9] INFO  o.a.c.w.s.factory.ReflectionServiceFactoryBean - Creating Service {http://schemas.dmtf.org/wbem/wsman/1/wsman.xsd}WinRmService from WSDL: jar:file:/D:/project/maven/.m2/repository/io/cloudsoft/windows/winrm4j-client/0.8.0/winrm4j-client-0.8.0.jar!/wsdl/WinRmService.wsdl
2021-01-11 17:08:35.079 [http-nio-8080-exec-1] INFO  o.a.c.w.s.factory.ReflectionServiceFactoryBean - Creating Service {http://schemas.dmtf.org/wbem/wsman/1/wsman.xsd}WinRmService from WSDL: jar:file:/D:/project/maven/.m2/repository/io/cloudsoft/windows/winrm4j-client/0.8.0/winrm4j-client-0.8.0.jar!/wsdl/WinRmService.wsdl
2021-01-11 17:13:31.904 [http-nio-8080-exec-2] INFO  o.a.c.w.s.factory.ReflectionServiceFactoryBean - Creating Service {http://schemas.dmtf.org/wbem/wsman/1/wsman.xsd}WinRmService from WSDL: jar:file:/D:/project/maven/.m2/repository/io/cloudsoft/windows/winrm4j-client/0.8.0/winrm4j-client-0.8.0.jar!/wsdl/WinRmService.wsdl
2021-01-11 17:32:09.081 [SpringContextShutdownHook] INFO  o.s.scheduling.concurrent.ThreadPoolTaskExecutor - Shutting down ExecutorService 'applicationTaskExecutor'
